<?xml version="1.0" encoding="UTF-8"?>
<!-- Generated by org.testng.reporters.JUnitXMLReporter -->
<testsuite ignored="4" hostname="DESKTOP-Q1T02RD" failures="0" tests="2" name="TestGroups" time="0.122" errors="0" timestamp="2022-06-06T09:22:55 IST">
  <testcase classname="qsp18.testngpack.Flag07Groups" name="it1" time="0.021"/>
  <testcase classname="qsp18.testngpack.Flag07Groups" name="it2" time="0.003"/>
  <testcase classname="qsp18.testngpack.Flag07Groups" name="ft2" time="0.0">
    <ignored/>
  </testcase> <!-- ft2 -->
  <testcase classname="qsp18.testngpack.Flag07Groups" name="ft1" time="0.0">
    <ignored/>
  </testcase> <!-- ft1 -->
  <testcase classname="qsp18.testngpack.Flag07Groups" name="st2" time="0.0">
    <ignored/>
  </testcase> <!-- st2 -->
  <testcase classname="qsp18.testngpack.Flag07Groups" name="st1" time="0.0">
    <ignored/>
  </testcase> <!-- st1 -->
</testsuite> <!-- TestGroups -->
