<?xml version="1.0" encoding="UTF-8"?>
<!-- Generated by org.testng.reporters.JUnitXMLReporter -->
<testsuite ignored="0" hostname="DESKTOP-Q1T02RD" failures="1" tests="4" name="Test" time="0.226" errors="0" timestamp="2022-06-04T08:36:02 IST">
  <testcase classname="qsp18.testngpack.TNG01demo" name="methodA" time="0.019"/>
  <testcase classname="qsp18.testngpack.TNG01demo" name="methodB" time="0.004"/>
  <testcase classname="qsp18.testngpack.TNG03remo" name="methodD" time="0.043">
    <failure type="java.lang.AssertionError">
      <![CDATA[java.lang.AssertionError
at org.junit.Assert.fail(Assert.java:86)
at org.junit.Assert.fail(Assert.java:95)
at qsp18.testngpack.TNG03remo.methodD(TNG03remo.java:10)
at java.base/java.util.ArrayList.forEach(ArrayList.java:1511)
... Removed 27 stack frames]]>
    </failure>
  </testcase> <!-- methodD -->
  <testcase classname="qsp18.testngpack.TNG02sumo" name="methodC" time="0.007"/>
</testsuite> <!-- Test -->
